# JRE version: Java(TM) SE Runtime Environment (20.0.1+9) (build 20.0.1+9-29)
# Java VM: Java HotSpot(TM) 64-Bit Server VM (20.0.1+9-29, mixed mode, sharing, tiered, compressed oops, compressed class ptrs, g1 gc, windows-amd64)
GC Precious Log:
 CardTable entry size: 512
 Card Set container configuration: InlinePtr #cards 4 size 8 Array Of Cards #cards 16 size 48 Howl #buckets 8 coarsen threshold 3686 Howl Bitmap #cards 512 size 80 coarsen threshold 460 Card regions per heap region 1 cards per card region 4096
 CPUs: 16 total, 16 available
 Memory: 16071M
 Large Page Support: Disabled
 NUMA Support: Disabled
 Compressed Oops: Enabled (Zero based)
 Heap Region Size: 2M
 Heap Min Capacity: 8M
 Heap Initial Capacity: 252M
 Heap Max Capacity: 4018M
 Pre-touch: Disabled
 Parallel Workers: 13
 Concurrent Workers: 3
 Concurrent Refinement Workers: 13
 Periodic GC: Disabled
Heap:
 garbage-first heap   total 122880K, used 47466K [0x0000000704e00000, 0x0000000800000000)
  region size 2048K, 9 young (18432K), 3 survivors (6144K)
 Metaspace       used 71050K, committed 71808K, reserved 1114112K
  class space    used 9105K, committed 9472K, reserved 1048576K
GC Heap History (20 events):
Event: 549.924 GC heap before
{Heap before GC invocations=168 (full 3):
 garbage-first heap   total 122880K, used 105882K [0x0000000704e00000, 0x0000000800000000)
  region size 2048K, 34 young (69632K), 3 survivors (6144K)
 Metaspace       used 70515K, committed 71232K, reserved 1114112K
  class space    used 9078K, committed 9408K, reserved 1048576K
}
Event: 549.926 GC heap after
{Heap after GC invocations=169 (full 3):
 garbage-first heap   total 122880K, used 40063K [0x0000000704e00000, 0x0000000800000000)
  region size 2048K, 2 young (4096K), 2 survivors (4096K)
 Metaspace       used 70515K, committed 71232K, reserved 1114112K
  class space    used 9078K, committed 9408K, reserved 1048576K
}
Event: 556.333 GC heap before
{Heap before GC invocations=170 (full 3):
 garbage-first heap   total 122880K, used 107647K [0x0000000704e00000, 0x0000000800000000)
  region size 2048K, 35 young (71680K), 2 survivors (4096K)
 Metaspace       used 70515K, committed 71232K, reserved 1114112K
  class space    used 9078K, committed 9408K, reserved 1048576K
}
Event: 556.333 GC heap after
{Heap after GC invocations=171 (full 3):
 garbage-first heap   total 122880K, used 37712K [0x0000000704e00000, 0x0000000800000000)
  region size 2048K, 1 young (2048K), 1 survivors (2048K)
 Metaspace       used 70515K, committed 71232K, reserved 1114112K
  class space    used 9078K, committed 9408K, reserved 1048576K
}
Event: 562.391 GC heap before
{Heap before GC invocations=171 (full 3):
 garbage-first heap   total 122880K, used 109392K [0x0000000704e00000, 0x0000000800000000)
  region size 2048K, 36 young (73728K), 1 survivors (2048K)
 Metaspace       used 70527K, committed 71296K, reserved 1114112K
  class space    used 9078K, committed 9408K, reserved 1048576K
}
Event: 562.394 GC heap after
{Heap after GC invocations=172 (full 3):
 garbage-first heap   total 122880K, used 42415K [0x0000000704e00000, 0x0000000800000000)
  region size 2048K, 3 young (6144K), 3 survivors (6144K)
 Metaspace       used 70527K, committed 71296K, reserved 1114112K
  class space    used 9078K, committed 9408K, reserved 1048576K
}
Event: 568.588 GC heap before
{Heap before GC invocations=172 (full 3):
 garbage-first heap   total 122880K, used 105903K [0x0000000704e00000, 0x0000000800000000)
  region size 2048K, 34 young (69632K), 3 survivors (6144K)
 Metaspace       used 70527K, committed 71296K, reserved 1114112K
  class space    used 9078K, committed 9408K, reserved 1048576K
}
Event: 568.590 GC heap after
{Heap after GC invocations=173 (full 3):
 garbage-first heap   total 122880K, used 41487K [0x0000000704e00000, 0x0000000800000000)
  region size 2048K, 3 young (6144K), 3 survivors (6144K)
 Metaspace       used 70527K, committed 71296K, reserved 1114112K
  class space    used 9078K, committed 9408K, reserved 1048576K
}
Event: 574.713 GC heap before
{Heap before GC invocations=174 (full 3):
 garbage-first heap   total 122880K, used 104975K [0x0000000704e00000, 0x0000000800000000)
  region size 2048K, 34 young (69632K), 3 survivors (6144K)
 Metaspace       used 70527K, committed 71296K, reserved 1114112K
  class space    used 9078K, committed 9408K, reserved 1048576K
}
Event: 574.714 GC heap after
{Heap after GC invocations=175 (full 3):
 garbage-first heap   total 122880K, used 37565K [0x0000000704e00000, 0x0000000800000000)
  region size 2048K, 1 young (2048K), 1 survivors (2048K)
 Metaspace       used 70527K, committed 71296K, reserved 1114112K
  class space    used 9078K, committed 9408K, reserved 1048576K
}
Event: 580.926 GC heap before
{Heap before GC invocations=175 (full 3):
 garbage-first heap   total 122880K, used 107197K [0x0000000704e00000, 0x0000000800000000)
  region size 2048K, 35 young (71680K), 1 survivors (2048K)
 Metaspace       used 70527K, committed 71296K, reserved 1114112K
  class space    used 9078K, committed 9408K, reserved 1048576K
}
Event: 580.929 GC heap after
{Heap after GC invocations=176 (full 3):
 garbage-first heap   total 122880K, used 41794K [0x0000000704e00000, 0x0000000800000000)
  region size 2048K, 3 young (6144K), 3 survivors (6144K)
 Metaspace       used 70527K, committed 71296K, reserved 1114112K
  class space    used 9078K, committed 9408K, reserved 1048576K
}
Event: 587.245 GC heap before
{Heap before GC invocations=176 (full 3):
 garbage-first heap   total 122880K, used 107330K [0x0000000704e00000, 0x0000000800000000)
  region size 2048K, 35 young (71680K), 3 survivors (6144K)
 Metaspace       used 70527K, committed 71296K, reserved 1114112K
  class space    used 9078K, committed 9408K, reserved 1048576K
}
Event: 587.247 GC heap after
{Heap after GC invocations=177 (full 3):
 garbage-first heap   total 122880K, used 40740K [0x0000000704e00000, 0x0000000800000000)
  region size 2048K, 3 young (6144K), 3 survivors (6144K)
 Metaspace       used 70527K, committed 71296K, reserved 1114112K
  class space    used 9078K, committed 9408K, reserved 1048576K
}
Event: 593.792 GC heap before
{Heap before GC invocations=177 (full 3):
 garbage-first heap   total 122880K, used 106276K [0x0000000704e00000, 0x0000000800000000)
  region size 2048K, 35 young (71680K), 3 survivors (6144K)
 Metaspace       used 70527K, committed 71296K, reserved 1114112K
  class space    used 9078K, committed 9408K, reserved 1048576K
}
Event: 593.796 GC heap after
{Heap after GC invocations=178 (full 3):
 garbage-first heap   total 122880K, used 45945K [0x0000000704e00000, 0x0000000800000000)
  region size 2048K, 5 young (10240K), 5 survivors (10240K)
 Metaspace       used 70527K, committed 71296K, reserved 1114112K
  class space    used 9078K, committed 9408K, reserved 1048576K
}
Event: 594.852 GC heap before
{Heap before GC invocations=178 (full 3):
 garbage-first heap   total 122880K, used 66425K [0x0000000704e00000, 0x0000000800000000)
  region size 2048K, 16 young (32768K), 5 survivors (10240K)
 Metaspace       used 70536K, committed 71296K, reserved 1114112K
  class space    used 9080K, committed 9408K, reserved 1048576K
}
Event: 594.897 GC heap after
{Heap after GC invocations=179 (full 4):
 garbage-first heap   total 122880K, used 31765K [0x0000000704e00000, 0x0000000800000000)
  region size 2048K, 0 young (0K), 0 survivors (0K)
 Metaspace       used 70536K, committed 71296K, reserved 1114112K
  class space    used 9080K, committed 9408K, reserved 1048576K
}
Event: 596.098 GC heap before
{Heap before GC invocations=179 (full 4):
 garbage-first heap   total 122880K, used 99349K [0x0000000704e00000, 0x0000000800000000)
  region size 2048K, 33 young (67584K), 0 survivors (0K)
 Metaspace       used 71005K, committed 71808K, reserved 1114112K
  class space    used 9103K, committed 9472K, reserved 1048576K
}
Event: 596.101 GC heap after
{Heap after GC invocations=180 (full 4):
 garbage-first heap   total 122880K, used 37226K [0x0000000704e00000, 0x0000000800000000)
  region size 2048K, 3 young (6144K), 3 survivors (6144K)
 Metaspace       used 71005K, committed 71808K, reserved 1114112K
  class space    used 9103K, committed 9472K, reserved 1048576K
}

